{"/Users/atikalatif/Desktop/test/test/test.js":{"path":"/Users/atikalatif/Desktop/test/test/test.js","s":{"1":1,"2":1,"3":1,"4":1,"5":1,"6":1,"7":1,"8":1,"9":1,"10":1,"11":1,"12":1,"13":1,"14":1,"15":1,"16":1,"17":1,"18":1,"19":1,"20":1,"21":1,"22":1,"23":1,"24":1,"25":1,"26":1,"27":1,"28":1},"b":{},"f":{"1":1,"2":1,"3":1,"4":1,"5":1,"6":1,"7":1,"8":1,"9":1,"10":1,"11":1,"12":1,"13":1,"14":1},"fnMap":{"1":{"name":"(anonymous_1)","line":4,"loc":{"start":{"line":4,"column":26},"end":{"line":4,"column":36}}},"2":{"name":"(anonymous_2)","line":5,"loc":{"start":{"line":5,"column":23},"end":{"line":5,"column":33}}},"3":{"name":"(anonymous_3)","line":6,"loc":{"start":{"line":6,"column":41},"end":{"line":6,"column":51}}},"4":{"name":"(anonymous_4)","line":11,"loc":{"start":{"line":11,"column":53},"end":{"line":11,"column":63}}},"5":{"name":"(anonymous_5)","line":15,"loc":{"start":{"line":15,"column":59},"end":{"line":15,"column":69}}},"6":{"name":"(anonymous_6)","line":19,"loc":{"start":{"line":19,"column":80},"end":{"line":19,"column":90}}},"7":{"name":"(anonymous_7)","line":24,"loc":{"start":{"line":24,"column":63},"end":{"line":24,"column":73}}},"8":{"name":"(anonymous_8)","line":33,"loc":{"start":{"line":33,"column":26},"end":{"line":33,"column":36}}},"9":{"name":"(anonymous_9)","line":34,"loc":{"start":{"line":34,"column":23},"end":{"line":34,"column":33}}},"10":{"name":"(anonymous_10)","line":35,"loc":{"start":{"line":35,"column":41},"end":{"line":35,"column":51}}},"11":{"name":"(anonymous_11)","line":40,"loc":{"start":{"line":40,"column":53},"end":{"line":40,"column":63}}},"12":{"name":"(anonymous_12)","line":44,"loc":{"start":{"line":44,"column":59},"end":{"line":44,"column":69}}},"13":{"name":"(anonymous_13)","line":48,"loc":{"start":{"line":48,"column":80},"end":{"line":48,"column":90}}},"14":{"name":"(anonymous_14)","line":53,"loc":{"start":{"line":53,"column":63},"end":{"line":53,"column":73}}}},"statementMap":{"1":{"start":{"line":1,"column":0},"end":{"line":1,"column":31}},"2":{"start":{"line":2,"column":0},"end":{"line":2,"column":30}},"3":{"start":{"line":4,"column":0},"end":{"line":31,"column":3}},"4":{"start":{"line":5,"column":2},"end":{"line":30,"column":5}},"5":{"start":{"line":6,"column":4},"end":{"line":9,"column":7}},"6":{"start":{"line":7,"column":6},"end":{"line":7,"column":39}},"7":{"start":{"line":8,"column":6},"end":{"line":8,"column":51}},"8":{"start":{"line":11,"column":4},"end":{"line":13,"column":7}},"9":{"start":{"line":12,"column":8},"end":{"line":12,"column":61}},"10":{"start":{"line":15,"column":4},"end":{"line":17,"column":7}},"11":{"start":{"line":16,"column":8},"end":{"line":16,"column":65}},"12":{"start":{"line":19,"column":4},"end":{"line":21,"column":7}},"13":{"start":{"line":20,"column":8},"end":{"line":20,"column":86}},"14":{"start":{"line":24,"column":4},"end":{"line":28,"column":7}},"15":{"start":{"line":26,"column":8},"end":{"line":26,"column":58}},"16":{"start":{"line":33,"column":0},"end":{"line":60,"column":3}},"17":{"start":{"line":34,"column":2},"end":{"line":59,"column":5}},"18":{"start":{"line":35,"column":4},"end":{"line":38,"column":7}},"19":{"start":{"line":36,"column":6},"end":{"line":36,"column":39}},"20":{"start":{"line":37,"column":6},"end":{"line":37,"column":51}},"21":{"start":{"line":40,"column":4},"end":{"line":42,"column":7}},"22":{"start":{"line":41,"column":8},"end":{"line":41,"column":61}},"23":{"start":{"line":44,"column":4},"end":{"line":46,"column":7}},"24":{"start":{"line":45,"column":8},"end":{"line":45,"column":65}},"25":{"start":{"line":48,"column":4},"end":{"line":50,"column":7}},"26":{"start":{"line":49,"column":8},"end":{"line":49,"column":86}},"27":{"start":{"line":53,"column":4},"end":{"line":57,"column":7}},"28":{"start":{"line":55,"column":8},"end":{"line":55,"column":58}}},"branchMap":{}}}